Unity Editor version:    2021.3.11f1 (0a5ca18544bf)
Branch:                  2021.3/staging
Build type:              Release
Batch mode:              YES
macOS version:           Version 13.0.1 (Build 22A400)
Darwin version:          22.1.0
Architecture:            arm64
Running under Rosetta:   NO
Available memory:        16384 MB
Using pre-set license
Pro License: YES

COMMAND LINE ARGUMENTS:
/Applications/Unity/Hub/Editor/2021.3.11f1/Unity.app/Contents/MacOS/Unity
-adb2
-batchMode
-noUpm
-name
AssetImportWorker1
-projectPath
/Users/kierancoughlan/Documents/GitHub/Creators-2022/Gem Search
-logFile
Logs/AssetImportWorker1.log
-srvPort
53501
Successfully changed project path to: /Users/kierancoughlan/Documents/GitHub/Creators-2022/Gem Search
/Users/kierancoughlan/Documents/GitHub/Creators-2022/Gem Search
[UnityMemory] Configuration Parameters - Can be set up in boot.config
    "memorysetup-bucket-allocator-granularity=16"
    "memorysetup-bucket-allocator-bucket-count=8"
    "memorysetup-bucket-allocator-block-size=33554432"
    "memorysetup-bucket-allocator-block-count=8"
    "memorysetup-main-allocator-block-size=16777216"
    "memorysetup-thread-allocator-block-size=16777216"
    "memorysetup-gfx-main-allocator-block-size=16777216"
    "memorysetup-gfx-thread-allocator-block-size=16777216"
    "memorysetup-cache-allocator-block-size=4194304"
    "memorysetup-typetree-allocator-block-size=2097152"
    "memorysetup-profiler-bucket-allocator-granularity=16"
    "memorysetup-profiler-bucket-allocator-bucket-count=8"
    "memorysetup-profiler-bucket-allocator-block-size=33554432"
    "memorysetup-profiler-bucket-allocator-block-count=8"
    "memorysetup-profiler-allocator-block-size=16777216"
    "memorysetup-profiler-editor-allocator-block-size=1048576"
    "memorysetup-temp-allocator-size-main=16777216"
    "memorysetup-job-temp-allocator-block-size=2097152"
    "memorysetup-job-temp-allocator-block-size-background=1048576"
    "memorysetup-job-temp-allocator-reduction-small-platforms=262144"
    "memorysetup-temp-allocator-size-background-worker=32768"
    "memorysetup-temp-allocator-size-job-worker=262144"
    "memorysetup-temp-allocator-size-preload-manager=33554432"
    "memorysetup-temp-allocator-size-nav-mesh-worker=65536"
    "memorysetup-temp-allocator-size-audio-worker=65536"
    "memorysetup-temp-allocator-size-cloud-worker=32768"
    "memorysetup-temp-allocator-size-gi-baking-worker=262144"
    "memorysetup-temp-allocator-size-gfx=262144"
Refreshing native plugins compatible for Editor in 67.28 ms, found 2 plugins.
Preloading 0 native plugins for Editor in 0.00 ms.
Initialize engine version: 2021.3.11f1 (0a5ca18544bf)
[Subsystems] Discovering subsystems at path /Applications/Unity/Hub/Editor/2021.3.11f1/Unity.app/Contents/Resources/UnitySubsystems
[Subsystems] Discovering subsystems at path /Users/kierancoughlan/Documents/GitHub/Creators-2022/Gem Search/Assets
GfxDevice: creating device client; threaded=0; jobified=0
 preferred device: Apple M1 Pro (high power)
Metal devices available: 1
0: Apple M1 Pro (high power)
Using device Apple M1 Pro (high power)
Initializing Metal device caps: Apple M1 Pro
Initialize mono
Mono path[0] = '/Applications/Unity/Hub/Editor/2021.3.11f1/Unity.app/Contents/Managed'
Mono path[1] = '/Applications/Unity/Hub/Editor/2021.3.11f1/Unity.app/Contents/MonoBleedingEdge/lib/mono/unityjit-macos'
Mono config path = '/Applications/Unity/Hub/Editor/2021.3.11f1/Unity.app/Contents/MonoBleedingEdge/etc'
Using monoOptions --debugger-agent=transport=dt_socket,embedding=1,server=y,suspend=n,address=127.0.0.1:56930
Begin MonoManager ReloadAssembly
Registering precompiled unity dll's ...
Register platform support module: /Applications/Unity/Hub/Editor/2021.3.11f1/Unity.app/Contents/PlaybackEngines/MacStandaloneSupport/UnityEditor.OSXStandalone.Extensions.dll
Registered in 0.000885 seconds.
Native extension for OSXStandalone target not found
Refreshing native plugins compatible for Editor in 71.04 ms, found 2 plugins.
Preloading 0 native plugins for Editor in 0.00 ms.
Mono: successfully reloaded assembly
- Completed reload, in  0.353 seconds
Domain Reload Profiling:
	ReloadAssembly (353ms)
		BeginReloadAssembly (24ms)
			ExecutionOrderSort (0ms)
			DisableScriptedObjects (0ms)
			BackupInstance (0ms)
			ReleaseScriptingObjects (0ms)
			CreateAndSetChildDomain (0ms)
		EndReloadAssembly (269ms)
			LoadAssemblies (24ms)
			RebuildTransferFunctionScriptingTraits (0ms)
			SetupTypeCache (58ms)
			ReleaseScriptCaches (0ms)
			RebuildScriptCaches (18ms)
			SetupLoadedEditorAssemblies (168ms)
				LogAssemblyErrors (0ms)
				InitializePlatformSupportModulesInManaged (3ms)
				SetLoadedEditorAssemblies (0ms)
				RefreshPlugins (71ms)
				BeforeProcessingInitializeOnLoad (1ms)
				ProcessInitializeOnLoadAttributes (70ms)
				ProcessInitializeOnLoadMethodAttributes (23ms)
				AfterProcessingInitializeOnLoad (0ms)
				EditorAssembliesLoaded (0ms)
			ExecutionOrderSort2 (0ms)
			AwakeInstancesAfterBackupRestoration (0ms)
Platform modules already initialized, skipping
Registering precompiled user dll's ...
Registered in 0.002039 seconds.
Begin MonoManager ReloadAssembly
Symbol file LoadedFromMemory doesn't match image /Users/kierancoughlan/Documents/GitHub/Creators-2022/Gem Search/Library/PackageCache/com.unity.visualscripting@1.7.8/Editor/VisualScripting.Core/Dependencies/YamlDotNet/Unity.VisualScripting.YamlDotNet.dll
Symbol file LoadedFromMemory doesn't match image /Users/kierancoughlan/Documents/GitHub/Creators-2022/Gem Search/Library/PackageCache/com.unity.visualscripting@1.7.8/Editor/VisualScripting.Core/Dependencies/DotNetZip/Unity.VisualScripting.IonicZip.dll
Native extension for OSXStandalone target not found
Refreshing native plugins compatible for Editor in 68.26 ms, found 2 plugins.
Preloading 0 native plugins for Editor in 0.00 ms.
Mono: successfully reloaded assembly
- Completed reload, in  0.663 seconds
Domain Reload Profiling:
	ReloadAssembly (663ms)
		BeginReloadAssembly (44ms)
			ExecutionOrderSort (0ms)
			DisableScriptedObjects (3ms)
			BackupInstance (0ms)
			ReleaseScriptingObjects (0ms)
			CreateAndSetChildDomain (9ms)
		EndReloadAssembly (556ms)
			LoadAssemblies (26ms)
			RebuildTransferFunctionScriptingTraits (0ms)
			SetupTypeCache (152ms)
			ReleaseScriptCaches (0ms)
			RebuildScriptCaches (36ms)
			SetupLoadedEditorAssemblies (311ms)
				LogAssemblyErrors (0ms)
				InitializePlatformSupportModulesInManaged (2ms)
				SetLoadedEditorAssemblies (0ms)
				RefreshPlugins (68ms)
				BeforeProcessingInitializeOnLoad (55ms)
				ProcessInitializeOnLoadAttributes (167ms)
				ProcessInitializeOnLoadMethodAttributes (17ms)
				AfterProcessingInitializeOnLoad (1ms)
				EditorAssembliesLoaded (0ms)
			ExecutionOrderSort2 (0ms)
			AwakeInstancesAfterBackupRestoration (3ms)
Platform modules already initialized, skipping
========================================================================
Worker process is ready to serve import requests
Launching external process: /Applications/Unity/Hub/Editor/2021.3.11f1/Unity.app/Contents/Tools/UnityShaderCompiler
Launched and connected shader compiler UnityShaderCompiler after 0.05 seconds
Refreshing native plugins compatible for Editor in 0.37 ms, found 2 plugins.
Preloading 0 native plugins for Editor in 0.00 ms.
Unloading 3898 Unused Serialized files (Serialized files now loaded: 0)
Unloading 42 unused Assets / (112.8 KB). Loaded Objects now: 4357.
Memory consumption went from 107.4 MB to 107.3 MB.
Total: 2.637042 ms (FindLiveObjects: 0.116875 ms CreateObjectMapping: 0.047875 ms MarkObjects: 2.390500 ms  DeleteObjects: 0.081208 ms)

AssetImportParameters requested are different than current active one (requested -> active):
  custom:video-decoder-ogg-theora: a1e56fd34408186e4bbccfd4996cb3dc -> 
  custom:container-muxer-webm: aa71ff27fc2769a1b78a27578f13a17b -> 
  custom:container-demuxer-webm: 4f35f7cbe854078d1ac9338744f61a02 -> 
  custom:video-encoder-webm-vp8: eb34c28f22e8b96e1ab97ce403110664 -> 
  custom:framework-osx-AVFoundation: e770b220cccbd017edd2c1fefb359320 -> 
  custom:audio-encoder-webm-vorbis: bf7c407c2cedff20999df2af8eb42d56 -> 
  custom:container-demuxer-ogg: 62fdf1f143b41e24485cea50d1cbac27 -> 
  custom:video-decoder-webm-vp8: 9c59270c3fd7afecdb556c50c9e8de78 -> 
  custom:audio-decoder-ogg-vorbis: bf7c407c2cedff20999df2af8eb42d56 -> 
========================================================================
Received Import Request.
  Time since last request: 223698.209714 seconds.
  path: Assets/Models/Body.mat
  artifactKey: Guid(2fe1664796a71db4a8e12f9badabc10a) Importer(815301076,1909f56bfc062723c751e8b465ee728b)
Start importing Assets/Models/Body.mat using Guid(2fe1664796a71db4a8e12f9badabc10a) Importer(815301076,1909f56bfc062723c751e8b465ee728b)  -> (artifact id: 'b2d91943c2f011950d92bbad9a3dbc5b') in 0.236939 seconds 
========================================================================
Received Import Request.
  Time since last request: 0.000058 seconds.
  path: Assets/Models/GemDetectorBody.png
  artifactKey: Guid(6ff5f1bc78427d64aa4698fd23563398) Importer(815301076,1909f56bfc062723c751e8b465ee728b)
Start importing Assets/Models/GemDetectorBody.png using Guid(6ff5f1bc78427d64aa4698fd23563398) Importer(815301076,1909f56bfc062723c751e8b465ee728b)  -> (artifact id: 'f05484318ebafe7572fa160c2c33dd02') in 0.345935 seconds 
========================================================================
Received Import Request.
  Time since last request: 0.000056 seconds.
  path: Assets/Models/Dial Face.mat
  artifactKey: Guid(519f457b3d25cd74ca598d29ad91a4b6) Importer(815301076,1909f56bfc062723c751e8b465ee728b)
Start importing Assets/Models/Dial Face.mat using Guid(519f457b3d25cd74ca598d29ad91a4b6) Importer(815301076,1909f56bfc062723c751e8b465ee728b)  -> (artifact id: 'fbc610cdefa2e1fede008e81655f4d9a') in 0.005894 seconds 
========================================================================
Received Import Request.
  Time since last request: 0.000035 seconds.
  path: Assets/Models/Dial.mat
  artifactKey: Guid(78f1d5232b2a3a14eb35b4214eef4ff2) Importer(815301076,1909f56bfc062723c751e8b465ee728b)
Start importing Assets/Models/Dial.mat using Guid(78f1d5232b2a3a14eb35b4214eef4ff2) Importer(815301076,1909f56bfc062723c751e8b465ee728b)  -> (artifact id: '4221149952e12ea1beb3f1569a170c59') in 0.005020 seconds 
========================================================================
Received Import Request.
  Time since last request: 0.000050 seconds.
  path: Assets/Models/Handle.mat
  artifactKey: Guid(746e3cbbcbbb77747912767c610e1cdb) Importer(815301076,1909f56bfc062723c751e8b465ee728b)
Start importing Assets/Models/Handle.mat using Guid(746e3cbbcbbb77747912767c610e1cdb) Importer(815301076,1909f56bfc062723c751e8b465ee728b)  -> (artifact id: '442d85851bc017a44b71165cc454f1b5') in 0.006117 seconds 
========================================================================
Received Import Request.
  Time since last request: 0.000059 seconds.
  path: Assets/Models/Needle.mat
  artifactKey: Guid(ef4d41f47d7f1f94f95c2246af1c7fcc) Importer(815301076,1909f56bfc062723c751e8b465ee728b)
Start importing Assets/Models/Needle.mat using Guid(ef4d41f47d7f1f94f95c2246af1c7fcc) Importer(815301076,1909f56bfc062723c751e8b465ee728b)  -> (artifact id: 'd7f65fb00cf8c7e32f797446c76d73e5') in 0.005209 seconds 
========================================================================
Received Import Request.
  Time since last request: 0.000048 seconds.
  path: Assets/Models/Handle.001.png
  artifactKey: Guid(e604b4d373191d04ebccd6e8f5a902f4) Importer(815301076,1909f56bfc062723c751e8b465ee728b)
Start importing Assets/Models/Handle.001.png using Guid(e604b4d373191d04ebccd6e8f5a902f4) Importer(815301076,1909f56bfc062723c751e8b465ee728b)  -> (artifact id: 'f8b1aca2777fe8e067a489241c6c7725') in 0.004172 seconds 
========================================================================
Received Import Request.
  Time since last request: 0.000056 seconds.
  path: Assets/Models/Light.mat
  artifactKey: Guid(38807ef21b58e5c418e4185bc2dac5f2) Importer(815301076,1909f56bfc062723c751e8b465ee728b)
Start importing Assets/Models/Light.mat using Guid(38807ef21b58e5c418e4185bc2dac5f2) Importer(815301076,1909f56bfc062723c751e8b465ee728b)  -> (artifact id: '49a491db4ee0ae848554fadf40b18873') in 0.275333 seconds 
