Using pre-set license
Built from '2021.3/staging' branch; Version is '2021.3.16f1 (4016570cf34f) revision 4200023'; Using compiler version '192829333'; Build Type 'Release'
OS: 'Windows 11  (10.0.22621) 64bit Core' Language: 'en' Physical Memory: 32590 MB
BatchMode: 1, IsHumanControllingUs: 0, StartBugReporterOnCrash: 0, Is64bit: 1, IsPro: 1

COMMAND LINE ARGUMENTS:
D:\UnityHubEditors\2021.3.16f1\Editor\Unity.exe
-adb2
-batchMode
-noUpm
-name
AssetImportWorker0
-projectPath
D:/Unity/GemSearch/Project/Gem Search
-logFile
Logs/AssetImportWorker0.log
-srvPort
59653
Successfully changed project path to: D:/Unity/GemSearch/Project/Gem Search
D:/Unity/GemSearch/Project/Gem Search
[UnityMemory] Configuration Parameters - Can be set up in boot.config
    "memorysetup-bucket-allocator-granularity=16"
    "memorysetup-bucket-allocator-bucket-count=8"
    "memorysetup-bucket-allocator-block-size=33554432"
    "memorysetup-bucket-allocator-block-count=8"
    "memorysetup-main-allocator-block-size=16777216"
    "memorysetup-thread-allocator-block-size=16777216"
    "memorysetup-gfx-main-allocator-block-size=16777216"
    "memorysetup-gfx-thread-allocator-block-size=16777216"
    "memorysetup-cache-allocator-block-size=4194304"
    "memorysetup-typetree-allocator-block-size=2097152"
    "memorysetup-profiler-bucket-allocator-granularity=16"
    "memorysetup-profiler-bucket-allocator-bucket-count=8"
    "memorysetup-profiler-bucket-allocator-block-size=33554432"
    "memorysetup-profiler-bucket-allocator-block-count=8"
    "memorysetup-profiler-allocator-block-size=16777216"
    "memorysetup-profiler-editor-allocator-block-size=1048576"
    "memorysetup-temp-allocator-size-main=16777216"
    "memorysetup-job-temp-allocator-block-size=2097152"
    "memorysetup-job-temp-allocator-block-size-background=1048576"
    "memorysetup-job-temp-allocator-reduction-small-platforms=262144"
    "memorysetup-temp-allocator-size-background-worker=32768"
    "memorysetup-temp-allocator-size-job-worker=262144"
    "memorysetup-temp-allocator-size-preload-manager=33554432"
    "memorysetup-temp-allocator-size-nav-mesh-worker=65536"
    "memorysetup-temp-allocator-size-audio-worker=65536"
    "memorysetup-temp-allocator-size-cloud-worker=32768"
    "memorysetup-temp-allocator-size-gi-baking-worker=262144"
    "memorysetup-temp-allocator-size-gfx=262144"
Player connection [28332] Host "[IP] 192.168.0.201 [Port] 0 [Flags] 2 [Guid] 74797601 [EditorId] 74797601 [Version] 1048832 [Id] WindowsEditor(7,DESKTOP-L1C88VO) [Debug] 1 [PackageName] WindowsEditor [ProjectName] Editor" joined multi-casting on [225.0.0.222:54997]...

Player connection [28332] Host "[IP] 192.168.0.201 [Port] 0 [Flags] 2 [Guid] 74797601 [EditorId] 74797601 [Version] 1048832 [Id] WindowsEditor(7,DESKTOP-L1C88VO) [Debug] 1 [PackageName] WindowsEditor [ProjectName] Editor" joined alternative multi-casting on [225.0.0.222:34997]...

Refreshing native plugins compatible for Editor in 83.51 ms, found 3 plugins.
Preloading 0 native plugins for Editor in 0.00 ms.
Initialize engine version: 2021.3.16f1 (4016570cf34f)
[Subsystems] Discovering subsystems at path D:/UnityHubEditors/2021.3.16f1/Editor/Data/Resources/UnitySubsystems
[Subsystems] Discovering subsystems at path D:/Unity/GemSearch/Project/Gem Search/Assets
GfxDevice: creating device client; threaded=0; jobified=0
Direct3D:
    Version:  Direct3D 11.0 [level 11.1]
    Renderer: NVIDIA GeForce RTX 2060 (ID=0x1f08)
    Vendor:   NVIDIA
    VRAM:     5980 MB
    Driver:   31.0.15.1766
Initialize mono
Mono path[0] = 'D:/UnityHubEditors/2021.3.16f1/Editor/Data/Managed'
Mono path[1] = 'D:/UnityHubEditors/2021.3.16f1/Editor/Data/MonoBleedingEdge/lib/mono/unityjit-win32'
Mono config path = 'D:/UnityHubEditors/2021.3.16f1/Editor/Data/MonoBleedingEdge/etc'
Using monoOptions --debugger-agent=transport=dt_socket,embedding=1,server=y,suspend=n,address=127.0.0.1:56076
Begin MonoManager ReloadAssembly
Registering precompiled unity dll's ...
Register platform support module: D:/UnityHubEditors/2021.3.16f1/Editor/Data/PlaybackEngines/WindowsStandaloneSupport/UnityEditor.WindowsStandalone.Extensions.dll
Registered in 0.001675 seconds.
Native extension for WindowsStandalone target not found
Refreshing native plugins compatible for Editor in 78.87 ms, found 3 plugins.
Preloading 0 native plugins for Editor in 0.00 ms.
Mono: successfully reloaded assembly
- Completed reload, in  0.667 seconds
Domain Reload Profiling:
	ReloadAssembly (667ms)
		BeginReloadAssembly (96ms)
			ExecutionOrderSort (0ms)
			DisableScriptedObjects (0ms)
			BackupInstance (0ms)
			ReleaseScriptingObjects (0ms)
			CreateAndSetChildDomain (1ms)
		EndReloadAssembly (461ms)
			LoadAssemblies (95ms)
			RebuildTransferFunctionScriptingTraits (0ms)
			SetupTypeCache (111ms)
			ReleaseScriptCaches (0ms)
			RebuildScriptCaches (27ms)
			SetupLoadedEditorAssemblies (277ms)
				LogAssemblyErrors (0ms)
				InitializePlatformSupportModulesInManaged (6ms)
				SetLoadedEditorAssemblies (0ms)
				RefreshPlugins (79ms)
				BeforeProcessingInitializeOnLoad (1ms)
				ProcessInitializeOnLoadAttributes (141ms)
				ProcessInitializeOnLoadMethodAttributes (49ms)
				AfterProcessingInitializeOnLoad (0ms)
				EditorAssembliesLoaded (0ms)
			ExecutionOrderSort2 (0ms)
			AwakeInstancesAfterBackupRestoration (0ms)
Platform modules already initialized, skipping
Registering precompiled user dll's ...
Registered in 0.007707 seconds.
Begin MonoManager ReloadAssembly
Symbol file LoadedFromMemory doesn't match image D:\Unity\GemSearch\Project\Gem Search\Library\PackageCache\com.unity.visualscripting@1.7.8\Editor\VisualScripting.Core\Dependencies\YamlDotNet\Unity.VisualScripting.YamlDotNet.dll
Symbol file LoadedFromMemory doesn't match image D:\Unity\GemSearch\Project\Gem Search\Library\PackageCache\com.unity.visualscripting@1.7.8\Editor\VisualScripting.Core\Dependencies\DotNetZip\Unity.VisualScripting.IonicZip.dll
Native extension for WindowsStandalone target not found
Refreshing native plugins compatible for Editor in 76.40 ms, found 3 plugins.
Preloading 0 native plugins for Editor in 0.00 ms.
Mono: successfully reloaded assembly
- Completed reload, in  1.327 seconds
Domain Reload Profiling:
	ReloadAssembly (1329ms)
		BeginReloadAssembly (122ms)
			ExecutionOrderSort (0ms)
			DisableScriptedObjects (6ms)
			BackupInstance (0ms)
			ReleaseScriptingObjects (0ms)
			CreateAndSetChildDomain (17ms)
		EndReloadAssembly (1103ms)
			LoadAssemblies (106ms)
			RebuildTransferFunctionScriptingTraits (0ms)
			SetupTypeCache (285ms)
			ReleaseScriptCaches (1ms)
			RebuildScriptCaches (56ms)
			SetupLoadedEditorAssemblies (640ms)
				LogAssemblyErrors (0ms)
				InitializePlatformSupportModulesInManaged (3ms)
				SetLoadedEditorAssemblies (0ms)
				RefreshPlugins (76ms)
				BeforeProcessingInitializeOnLoad (74ms)
				ProcessInitializeOnLoadAttributes (456ms)
				ProcessInitializeOnLoadMethodAttributes (28ms)
				AfterProcessingInitializeOnLoad (2ms)
				EditorAssembliesLoaded (0ms)
			ExecutionOrderSort2 (0ms)
			AwakeInstancesAfterBackupRestoration (9ms)
Platform modules already initialized, skipping
========================================================================
Worker process is ready to serve import requests
Launched and connected shader compiler UnityShaderCompiler.exe after 0.07 seconds
Refreshing native plugins compatible for Editor in 0.63 ms, found 3 plugins.
Preloading 0 native plugins for Editor in 0.00 ms.
Unloading 3896 Unused Serialized files (Serialized files now loaded: 0)
Unloading 42 unused Assets / (129.3 KB). Loaded Objects now: 4357.
Memory consumption went from 140.5 MB to 140.3 MB.
Total: 3.327800 ms (FindLiveObjects: 0.279400 ms CreateObjectMapping: 0.251300 ms MarkObjects: 2.718000 ms  DeleteObjects: 0.078000 ms)

AssetImportParameters requested are different than current active one (requested -> active):
  custom:video-decoder-ogg-theora: a1e56fd34408186e4bbccfd4996cb3dc -> 
  custom:container-muxer-webm: aa71ff27fc2769a1b78a27578f13a17b -> 
  custom:container-demuxer-webm: 4f35f7cbe854078d1ac9338744f61a02 -> 
  custom:video-encoder-webm-vp8: eb34c28f22e8b96e1ab97ce403110664 -> 
  custom:video-codec-MediaFoundation-h265: 746d11721c4dcdbdad8f713fa42b33f4 -> 
  custom:audio-encoder-webm-vorbis: bf7c407c2cedff20999df2af8eb42d56 -> 
  custom:framework-win-MediaFoundation: 216162199b28c13a410421893ffa2e32 -> 
  custom:container-demuxer-ogg: 62fdf1f143b41e24485cea50d1cbac27 -> 
  custom:video-decoder-webm-vp8: 9c59270c3fd7afecdb556c50c9e8de78 -> 
  custom:audio-decoder-ogg-vorbis: bf7c407c2cedff20999df2af8eb42d56 -> 
========================================================================
Received Import Request.
  Time since last request: 593910.256168 seconds.
  path: Assets/Models/Body.mat
  artifactKey: Guid(2fe1664796a71db4a8e12f9badabc10a) Importer(815301076,1909f56bfc062723c751e8b465ee728b)
Start importing Assets/Models/Body.mat using Guid(2fe1664796a71db4a8e12f9badabc10a) Importer(815301076,1909f56bfc062723c751e8b465ee728b)  -> (artifact id: 'e434b87c11f77ccda5bd8bae9eecf1c0') in 0.145491 seconds 
========================================================================
Received Import Request.
  Time since last request: 21.629463 seconds.
  path: Assets/Models/Gem Sensor Old
  artifactKey: Guid(96f5ce0be9d7796498bac0061ea53b4e) Importer(815301076,1909f56bfc062723c751e8b465ee728b)
Start importing Assets/Models/Gem Sensor Old using Guid(96f5ce0be9d7796498bac0061ea53b4e) Importer(815301076,1909f56bfc062723c751e8b465ee728b)  -> (artifact id: '7b6e87c4a84b3a2ae08775dd4e59bfaa') in 0.004895 seconds 
========================================================================
Received Import Request.
  Time since last request: 31.819733 seconds.
  path: Assets/Models/Gem Sensor ew
  artifactKey: Guid(797ce51b9b6797a4299f915e1c2411ea) Importer(815301076,1909f56bfc062723c751e8b465ee728b)
Start importing Assets/Models/Gem Sensor ew using Guid(797ce51b9b6797a4299f915e1c2411ea) Importer(815301076,1909f56bfc062723c751e8b465ee728b)  -> (artifact id: 'a1ef01c8533e9ec345e9aad0d40e6a8c') in 0.006184 seconds 
========================================================================
Received Import Request.
  Time since last request: 14.684575 seconds.
  path: Assets/Models/Gem Sensor ew/GemSensor_baked_2.fbx
  artifactKey: Guid(1cbc10fc4f4c41843bbe90b71a007633) Importer(815301076,1909f56bfc062723c751e8b465ee728b)
Start importing Assets/Models/Gem Sensor ew/GemSensor_baked_2.fbx using Guid(1cbc10fc4f4c41843bbe90b71a007633) Importer(815301076,1909f56bfc062723c751e8b465ee728b)  -> (artifact id: 'f56b4ec5e3b0cc6634e031a781d9537f') in 0.106335 seconds 
========================================================================
Received Import Request.
  Time since last request: 8.154334 seconds.
  path: Assets/Models/Gem Sensor ew/GemSensor_baked_2.fbx
  artifactKey: Guid(1cbc10fc4f4c41843bbe90b71a007633) Importer(815301076,1909f56bfc062723c751e8b465ee728b)
Start importing Assets/Models/Gem Sensor ew/GemSensor_baked_2.fbx using Guid(1cbc10fc4f4c41843bbe90b71a007633) Importer(815301076,1909f56bfc062723c751e8b465ee728b)  -> (artifact id: '4efc35eb2eef67da98afad12886bb2f0') in 0.191102 seconds 
========================================================================
Received Import Request.
  Time since last request: 0.000018 seconds.
  path: Assets/Models/Gem Sensor ew/Body_Normal.png
  artifactKey: Guid(b4347890e8fa6a448bf6edb9b00bc804) Importer(815301076,1909f56bfc062723c751e8b465ee728b)
Start importing Assets/Models/Gem Sensor ew/Body_Normal.png using Guid(b4347890e8fa6a448bf6edb9b00bc804) Importer(815301076,1909f56bfc062723c751e8b465ee728b)  -> (artifact id: '3eec694a9dbaeb0e9e905f867cf738ee') in 0.023295 seconds 
========================================================================
Received Import Request.
  Time since last request: 4.611934 seconds.
  path: Assets/Models/Gem Sensor ew/GemSensor_baked_2.fbx
  artifactKey: Guid(1cbc10fc4f4c41843bbe90b71a007633) Importer(815301076,1909f56bfc062723c751e8b465ee728b)
Start importing Assets/Models/Gem Sensor ew/GemSensor_baked_2.fbx using Guid(1cbc10fc4f4c41843bbe90b71a007633) Importer(815301076,1909f56bfc062723c751e8b465ee728b)  -> (artifact id: 'dc3fbfd85e28ac9558ad67d7bb2ea3c1') in 0.065471 seconds 
========================================================================
Received Import Request.
  Time since last request: 0.000022 seconds.
  path: Assets/Models/Gem Sensor ew/Duct Tape.mat
  artifactKey: Guid(f3333afbe2825154e91ce29df05ea11d) Importer(815301076,1909f56bfc062723c751e8b465ee728b)
Start importing Assets/Models/Gem Sensor ew/Duct Tape.mat using Guid(f3333afbe2825154e91ce29df05ea11d) Importer(815301076,1909f56bfc062723c751e8b465ee728b)  -> (artifact id: 'af787983422275db61355845e0a96fdb') in 0.016169 seconds 
========================================================================
Received Import Request.
  Time since last request: 0.000021 seconds.
  path: Assets/Models/Gem Sensor ew/Needle.mat
  artifactKey: Guid(8329fed5d8e550c42800d79e1ae9ad63) Importer(815301076,1909f56bfc062723c751e8b465ee728b)
Start importing Assets/Models/Gem Sensor ew/Needle.mat using Guid(8329fed5d8e550c42800d79e1ae9ad63) Importer(815301076,1909f56bfc062723c751e8b465ee728b)  -> (artifact id: '35e6f128cd95e52bf77072899e28dd11') in 0.013227 seconds 
========================================================================
Received Import Request.
  Time since last request: 0.000025 seconds.
  path: Assets/Models/Gem Sensor ew/Light Cover.mat
  artifactKey: Guid(c0fab450705eb9040be15b1bedb86bd5) Importer(815301076,1909f56bfc062723c751e8b465ee728b)
Start importing Assets/Models/Gem Sensor ew/Light Cover.mat using Guid(c0fab450705eb9040be15b1bedb86bd5) Importer(815301076,1909f56bfc062723c751e8b465ee728b)  -> (artifact id: '24001b1fc290bfd6b558beeb0abc8fb0') in 0.014274 seconds 
========================================================================
Received Import Request.
  Time since last request: 0.000027 seconds.
  path: Assets/Models/Gem Sensor ew/Control Dial.mat
  artifactKey: Guid(232f9e3566081394f9fd726a36c7f543) Importer(815301076,1909f56bfc062723c751e8b465ee728b)
Start importing Assets/Models/Gem Sensor ew/Control Dial.mat using Guid(232f9e3566081394f9fd726a36c7f543) Importer(815301076,1909f56bfc062723c751e8b465ee728b)  -> (artifact id: '2cb97be67c23ec4d7c2a004f961e1c91') in 0.015300 seconds 
========================================================================
Received Import Request.
  Time since last request: 10.108534 seconds.
  path: Assets/Models/Gem Sensor New
  artifactKey: Guid(797ce51b9b6797a4299f915e1c2411ea) Importer(815301076,1909f56bfc062723c751e8b465ee728b)
Start importing Assets/Models/Gem Sensor New using Guid(797ce51b9b6797a4299f915e1c2411ea) Importer(815301076,1909f56bfc062723c751e8b465ee728b)  -> (artifact id: '5b15dac870cbbe0112f04fe78666fcff') in 0.005490 seconds 
========================================================================
Received Import Request.
  Time since last request: 12.392092 seconds.
  path: Assets/Models/Gem Sensor New/Body.mat
  artifactKey: Guid(e4ff943e1211c324daf9b28896dc60e2) Importer(815301076,1909f56bfc062723c751e8b465ee728b)
Start importing Assets/Models/Gem Sensor New/Body.mat using Guid(e4ff943e1211c324daf9b28896dc60e2) Importer(815301076,1909f56bfc062723c751e8b465ee728b)  -> (artifact id: 'ae9191b858fec9d54bce340ca7e93dd3') in 0.021163 seconds 
========================================================================
Received Import Request.
  Time since last request: 0.000019 seconds.
  path: Assets/Models/Gem Sensor New/GemSensor_baked_2.fbx
  artifactKey: Guid(1cbc10fc4f4c41843bbe90b71a007633) Importer(815301076,1909f56bfc062723c751e8b465ee728b)
Start importing Assets/Models/Gem Sensor New/GemSensor_baked_2.fbx using Guid(1cbc10fc4f4c41843bbe90b71a007633) Importer(815301076,1909f56bfc062723c751e8b465ee728b)  -> (artifact id: 'bdb1c477a55e8477b19597492311d534') in 0.062393 seconds 
========================================================================
Received Prepare
Registering precompiled user dll's ...
Registered in 0.007035 seconds.
Begin MonoManager ReloadAssembly
Symbol file LoadedFromMemory doesn't match image D:\Unity\GemSearch\Project\Gem Search\Library\PackageCache\com.unity.visualscripting@1.7.8\Editor\VisualScripting.Core\Dependencies\YamlDotNet\Unity.VisualScripting.YamlDotNet.dll
Symbol file LoadedFromMemory doesn't match image D:\Unity\GemSearch\Project\Gem Search\Library\PackageCache\com.unity.visualscripting@1.7.8\Editor\VisualScripting.Core\Dependencies\DotNetZip\Unity.VisualScripting.IonicZip.dll
Native extension for WindowsStandalone target not found
Refreshing native plugins compatible for Editor in 0.72 ms, found 3 plugins.
Preloading 0 native plugins for Editor in 0.00 ms.
Mono: successfully reloaded assembly
- Completed reload, in  1.538 seconds
Domain Reload Profiling:
	ReloadAssembly (1539ms)
		BeginReloadAssembly (164ms)
			ExecutionOrderSort (0ms)
			DisableScriptedObjects (4ms)
			BackupInstance (0ms)
			ReleaseScriptingObjects (0ms)
			CreateAndSetChildDomain (36ms)
		EndReloadAssembly (1238ms)
			LoadAssemblies (129ms)
			RebuildTransferFunctionScriptingTraits (0ms)
			SetupTypeCache (386ms)
			ReleaseScriptCaches (1ms)
			RebuildScriptCaches (49ms)
			SetupLoadedEditorAssemblies (654ms)
				LogAssemblyErrors (0ms)
				InitializePlatformSupportModulesInManaged (15ms)
				SetLoadedEditorAssemblies (1ms)
				RefreshPlugins (1ms)
				BeforeProcessingInitializeOnLoad (58ms)
				ProcessInitializeOnLoadAttributes (539ms)
				ProcessInitializeOnLoadMethodAttributes (38ms)
				AfterProcessingInitializeOnLoad (2ms)
				EditorAssembliesLoaded (0ms)
			ExecutionOrderSort2 (0ms)
			AwakeInstancesAfterBackupRestoration (11ms)
Platform modules already initialized, skipping
Refreshing native plugins compatible for Editor in 2.74 ms, found 3 plugins.
Preloading 0 native plugins for Editor in 0.00 ms.
Unloading 3875 Unused Serialized files (Serialized files now loaded: 0)
Unloading 21 unused Assets / (95.3 KB). Loaded Objects now: 4418.
Memory consumption went from 143.4 MB to 143.3 MB.
Total: 3.341600 ms (FindLiveObjects: 0.255800 ms CreateObjectMapping: 0.170800 ms MarkObjects: 2.867600 ms  DeleteObjects: 0.046500 ms)

AssetImportParameters requested are different than current active one (requested -> active):
  custom:video-decoder-ogg-theora: a1e56fd34408186e4bbccfd4996cb3dc -> 
  custom:container-muxer-webm: aa71ff27fc2769a1b78a27578f13a17b -> 
  custom:container-demuxer-webm: 4f35f7cbe854078d1ac9338744f61a02 -> 
  custom:video-encoder-webm-vp8: eb34c28f22e8b96e1ab97ce403110664 -> 
  custom:video-codec-MediaFoundation-h265: 746d11721c4dcdbdad8f713fa42b33f4 -> 
  custom:audio-encoder-webm-vorbis: bf7c407c2cedff20999df2af8eb42d56 -> 
  custom:framework-win-MediaFoundation: 216162199b28c13a410421893ffa2e32 -> 
  custom:container-demuxer-ogg: 62fdf1f143b41e24485cea50d1cbac27 -> 
  custom:video-decoder-webm-vp8: 9c59270c3fd7afecdb556c50c9e8de78 -> 
  custom:audio-decoder-ogg-vorbis: bf7c407c2cedff20999df2af8eb42d56 -> 
========================================================================
Received Prepare
Registering precompiled user dll's ...
Registered in 0.007263 seconds.
Begin MonoManager ReloadAssembly
Symbol file LoadedFromMemory doesn't match image D:\Unity\GemSearch\Project\Gem Search\Library\PackageCache\com.unity.visualscripting@1.7.8\Editor\VisualScripting.Core\Dependencies\YamlDotNet\Unity.VisualScripting.YamlDotNet.dll
Symbol file LoadedFromMemory doesn't match image D:\Unity\GemSearch\Project\Gem Search\Library\PackageCache\com.unity.visualscripting@1.7.8\Editor\VisualScripting.Core\Dependencies\DotNetZip\Unity.VisualScripting.IonicZip.dll
Native extension for WindowsStandalone target not found
Refreshing native plugins compatible for Editor in 0.69 ms, found 3 plugins.
Preloading 0 native plugins for Editor in 0.00 ms.
Mono: successfully reloaded assembly
- Completed reload, in  1.350 seconds
Domain Reload Profiling:
	ReloadAssembly (1351ms)
		BeginReloadAssembly (171ms)
			ExecutionOrderSort (0ms)
			DisableScriptedObjects (5ms)
			BackupInstance (0ms)
			ReleaseScriptingObjects (0ms)
			CreateAndSetChildDomain (42ms)
		EndReloadAssembly (1079ms)
			LoadAssemblies (105ms)
			RebuildTransferFunctionScriptingTraits (0ms)
			SetupTypeCache (306ms)
			ReleaseScriptCaches (1ms)
			RebuildScriptCaches (45ms)
			SetupLoadedEditorAssemblies (588ms)
				LogAssemblyErrors (0ms)
				InitializePlatformSupportModulesInManaged (13ms)
				SetLoadedEditorAssemblies (1ms)
				RefreshPlugins (1ms)
				BeforeProcessingInitializeOnLoad (56ms)
				ProcessInitializeOnLoadAttributes (476ms)
				ProcessInitializeOnLoadMethodAttributes (40ms)
				AfterProcessingInitializeOnLoad (2ms)
				EditorAssembliesLoaded (0ms)
			ExecutionOrderSort2 (0ms)
			AwakeInstancesAfterBackupRestoration (9ms)
Platform modules already initialized, skipping
Refreshing native plugins compatible for Editor in 1.93 ms, found 3 plugins.
Preloading 0 native plugins for Editor in 0.00 ms.
Unloading 3875 Unused Serialized files (Serialized files now loaded: 0)
Unloading 21 unused Assets / (95.5 KB). Loaded Objects now: 4433.
Memory consumption went from 143.4 MB to 143.3 MB.
Total: 3.365000 ms (FindLiveObjects: 0.351200 ms CreateObjectMapping: 0.273500 ms MarkObjects: 2.704800 ms  DeleteObjects: 0.034500 ms)

AssetImportParameters requested are different than current active one (requested -> active):
  custom:video-decoder-ogg-theora: a1e56fd34408186e4bbccfd4996cb3dc -> 
  custom:container-muxer-webm: aa71ff27fc2769a1b78a27578f13a17b -> 
  custom:container-demuxer-webm: 4f35f7cbe854078d1ac9338744f61a02 -> 
  custom:video-encoder-webm-vp8: eb34c28f22e8b96e1ab97ce403110664 -> 
  custom:video-codec-MediaFoundation-h265: 746d11721c4dcdbdad8f713fa42b33f4 -> 
  custom:audio-encoder-webm-vorbis: bf7c407c2cedff20999df2af8eb42d56 -> 
  custom:framework-win-MediaFoundation: 216162199b28c13a410421893ffa2e32 -> 
  custom:container-demuxer-ogg: 62fdf1f143b41e24485cea50d1cbac27 -> 
  custom:video-decoder-webm-vp8: 9c59270c3fd7afecdb556c50c9e8de78 -> 
  custom:audio-decoder-ogg-vorbis: bf7c407c2cedff20999df2af8eb42d56 -> 
========================================================================
Received Import Request.
  Time since last request: 1908.558838 seconds.
  path: Assets/Models/Gem Sensor New/Duct Tape.mat
  artifactKey: Guid(f3333afbe2825154e91ce29df05ea11d) Importer(815301076,1909f56bfc062723c751e8b465ee728b)
Start importing Assets/Models/Gem Sensor New/Duct Tape.mat using Guid(f3333afbe2825154e91ce29df05ea11d) Importer(815301076,1909f56bfc062723c751e8b465ee728b)  -> (artifact id: '8c127f1eecdcf3752513a81199a6633b') in 0.079232 seconds 
========================================================================
Received Prepare
Registering precompiled user dll's ...
Registered in 0.006974 seconds.
Begin MonoManager ReloadAssembly
Symbol file LoadedFromMemory doesn't match image D:\Unity\GemSearch\Project\Gem Search\Library\PackageCache\com.unity.visualscripting@1.7.8\Editor\VisualScripting.Core\Dependencies\YamlDotNet\Unity.VisualScripting.YamlDotNet.dll
Symbol file LoadedFromMemory doesn't match image D:\Unity\GemSearch\Project\Gem Search\Library\PackageCache\com.unity.visualscripting@1.7.8\Editor\VisualScripting.Core\Dependencies\DotNetZip\Unity.VisualScripting.IonicZip.dll
Native extension for WindowsStandalone target not found
Refreshing native plugins compatible for Editor in 0.62 ms, found 3 plugins.
Preloading 0 native plugins for Editor in 0.00 ms.
Mono: successfully reloaded assembly
- Completed reload, in  1.518 seconds
Domain Reload Profiling:
	ReloadAssembly (1519ms)
		BeginReloadAssembly (163ms)
			ExecutionOrderSort (0ms)
			DisableScriptedObjects (4ms)
			BackupInstance (0ms)
			ReleaseScriptingObjects (0ms)
			CreateAndSetChildDomain (45ms)
		EndReloadAssembly (1243ms)
			LoadAssemblies (119ms)
			RebuildTransferFunctionScriptingTraits (0ms)
			SetupTypeCache (301ms)
			ReleaseScriptCaches (1ms)
			RebuildScriptCaches (97ms)
			SetupLoadedEditorAssemblies (682ms)
				LogAssemblyErrors (0ms)
				InitializePlatformSupportModulesInManaged (12ms)
				SetLoadedEditorAssemblies (0ms)
				RefreshPlugins (1ms)
				BeforeProcessingInitializeOnLoad (60ms)
				ProcessInitializeOnLoadAttributes (564ms)
				ProcessInitializeOnLoadMethodAttributes (43ms)
				AfterProcessingInitializeOnLoad (2ms)
				EditorAssembliesLoaded (0ms)
			ExecutionOrderSort2 (0ms)
			AwakeInstancesAfterBackupRestoration (12ms)
Platform modules already initialized, skipping
Refreshing native plugins compatible for Editor in 1.92 ms, found 3 plugins.
Preloading 0 native plugins for Editor in 0.00 ms.
Unloading 3875 Unused Serialized files (Serialized files now loaded: 0)
Unloading 21 unused Assets / (95.4 KB). Loaded Objects now: 4448.
Memory consumption went from 143.4 MB to 143.4 MB.
Total: 3.571900 ms (FindLiveObjects: 0.271900 ms CreateObjectMapping: 0.468000 ms MarkObjects: 2.799000 ms  DeleteObjects: 0.032100 ms)

AssetImportParameters requested are different than current active one (requested -> active):
  custom:video-decoder-ogg-theora: a1e56fd34408186e4bbccfd4996cb3dc -> 
  custom:container-muxer-webm: aa71ff27fc2769a1b78a27578f13a17b -> 
  custom:container-demuxer-webm: 4f35f7cbe854078d1ac9338744f61a02 -> 
  custom:video-encoder-webm-vp8: eb34c28f22e8b96e1ab97ce403110664 -> 
  custom:video-codec-MediaFoundation-h265: 746d11721c4dcdbdad8f713fa42b33f4 -> 
  custom:audio-encoder-webm-vorbis: bf7c407c2cedff20999df2af8eb42d56 -> 
  custom:framework-win-MediaFoundation: 216162199b28c13a410421893ffa2e32 -> 
  custom:container-demuxer-ogg: 62fdf1f143b41e24485cea50d1cbac27 -> 
  custom:video-decoder-webm-vp8: 9c59270c3fd7afecdb556c50c9e8de78 -> 
  custom:audio-decoder-ogg-vorbis: bf7c407c2cedff20999df2af8eb42d56 -> 
